# JRE version: Java(TM) SE Runtime Environment (17.0.3+8) (build 17.0.3+8-LTS-111)
# Java VM: Java HotSpot(TM) 64-Bit Server VM (17.0.3+8-LTS-111, mixed mode, sharing, tiered, compressed oops, compressed class ptrs, g1 gc, windows-amd64)
GC Precious Log:
 CPUs: 4 total, 4 available
 Memory: 8113M
 Large Page Support: Disabled
 NUMA Support: Disabled
 Compressed Oops: Enabled (32-bit)
 Heap Region Size: 1M
 Heap Min Capacity: 8M
 Heap Initial Capacity: 128M
 Heap Max Capacity: 2030M
 Pre-touch: Disabled
 Parallel Workers: 4
 Concurrent Workers: 1
 Concurrent Refinement Workers: 4
 Periodic GC: Disabled
Heap:
 garbage-first heap   total 53248K, used 31514K [0x0000000081200000, 0x0000000100000000)
  region size 1024K, 8 young (8192K), 3 survivors (3072K)
 Metaspace       used 57235K, committed 57792K, reserved 1105920K
  class space    used 7743K, committed 8000K, reserved 1048576K
GC Heap History (20 events):
Event: 7.943 GC heap before
{Heap before GC invocations=6 (full 0):
 garbage-first heap   total 53248K, used 35142K [0x0000000081200000, 0x0000000100000000)
  region size 1024K, 27 young (27648K), 8 survivors (8192K)
 Metaspace       used 28457K, committed 28864K, reserved 1081344K
  class space    used 3529K, committed 3712K, reserved 1048576K
}
Event: 7.957 GC heap after
{Heap after GC invocations=7 (full 0):
 garbage-first heap   total 53248K, used 19952K [0x0000000081200000, 0x0000000100000000)
  region size 1024K, 4 young (4096K), 4 survivors (4096K)
 Metaspace       used 28457K, committed 28864K, reserved 1081344K
  class space    used 3529K, committed 3712K, reserved 1048576K
}
Event: 8.613 GC heap before
{Heap before GC invocations=7 (full 0):
 garbage-first heap   total 53248K, used 36336K [0x0000000081200000, 0x0000000100000000)
  region size 1024K, 20 young (20480K), 4 survivors (4096K)
 Metaspace       used 30328K, committed 30720K, reserved 1081344K
  class space    used 3815K, committed 4032K, reserved 1048576K
}
Event: 8.622 GC heap after
{Heap after GC invocations=8 (full 0):
 garbage-first heap   total 53248K, used 21187K [0x0000000081200000, 0x0000000100000000)
  region size 1024K, 2 young (2048K), 2 survivors (2048K)
 Metaspace       used 30328K, committed 30720K, reserved 1081344K
  class space    used 3815K, committed 4032K, reserved 1048576K
}
Event: 9.940 GC heap before
{Heap before GC invocations=8 (full 0):
 garbage-first heap   total 53248K, used 37571K [0x0000000081200000, 0x0000000100000000)
  region size 1024K, 19 young (19456K), 2 survivors (2048K)
 Metaspace       used 35135K, committed 35520K, reserved 1081344K
  class space    used 4354K, committed 4544K, reserved 1048576K
}
Event: 9.947 GC heap after
{Heap after GC invocations=9 (full 0):
 garbage-first heap   total 53248K, used 21979K [0x0000000081200000, 0x0000000100000000)
  region size 1024K, 2 young (2048K), 2 survivors (2048K)
 Metaspace       used 35135K, committed 35520K, reserved 1081344K
  class space    used 4354K, committed 4544K, reserved 1048576K
}
Event: 10.139 GC heap before
{Heap before GC invocations=9 (full 0):
 garbage-first heap   total 53248K, used 24027K [0x0000000081200000, 0x0000000100000000)
  region size 1024K, 5 young (5120K), 2 survivors (2048K)
 Metaspace       used 35597K, committed 35968K, reserved 1081344K
  class space    used 4426K, committed 4608K, reserved 1048576K
}
Event: 10.143 GC heap after
{Heap after GC invocations=10 (full 0):
 garbage-first heap   total 53248K, used 22256K [0x0000000081200000, 0x0000000100000000)
  region size 1024K, 2 young (2048K), 2 survivors (2048K)
 Metaspace       used 35597K, committed 35968K, reserved 1081344K
  class space    used 4426K, committed 4608K, reserved 1048576K
}
Event: 11.154 GC heap before
{Heap before GC invocations=11 (full 0):
 garbage-first heap   total 53248K, used 39664K [0x0000000081200000, 0x0000000100000000)
  region size 1024K, 19 young (19456K), 2 survivors (2048K)
 Metaspace       used 39221K, committed 39680K, reserved 1089536K
  class space    used 5014K, committed 5248K, reserved 1048576K
}
Event: 11.162 GC heap after
{Heap after GC invocations=12 (full 0):
 garbage-first heap   total 53248K, used 23034K [0x0000000081200000, 0x0000000100000000)
  region size 1024K, 3 young (3072K), 3 survivors (3072K)
 Metaspace       used 39221K, committed 39680K, reserved 1089536K
  class space    used 5014K, committed 5248K, reserved 1048576K
}
Event: 12.047 GC heap before
{Heap before GC invocations=12 (full 0):
 garbage-first heap   total 53248K, used 39418K [0x0000000081200000, 0x0000000100000000)
  region size 1024K, 20 young (20480K), 3 survivors (3072K)
 Metaspace       used 43279K, committed 43776K, reserved 1089536K
  class space    used 5599K, committed 5824K, reserved 1048576K
}
Event: 12.053 GC heap after
{Heap after GC invocations=13 (full 0):
 garbage-first heap   total 53248K, used 24211K [0x0000000081200000, 0x0000000100000000)
  region size 1024K, 3 young (3072K), 3 survivors (3072K)
 Metaspace       used 43279K, committed 43776K, reserved 1089536K
  class space    used 5599K, committed 5824K, reserved 1048576K
}
Event: 12.720 GC heap before
{Heap before GC invocations=13 (full 0):
 garbage-first heap   total 53248K, used 39571K [0x0000000081200000, 0x0000000100000000)
  region size 1024K, 19 young (19456K), 3 survivors (3072K)
 Metaspace       used 48370K, committed 48832K, reserved 1097728K
  class space    used 6325K, committed 6528K, reserved 1048576K
}
Event: 12.725 GC heap after
{Heap after GC invocations=14 (full 0):
 garbage-first heap   total 53248K, used 24872K [0x0000000081200000, 0x0000000100000000)
  region size 1024K, 2 young (2048K), 2 survivors (2048K)
 Metaspace       used 48370K, committed 48832K, reserved 1097728K
  class space    used 6325K, committed 6528K, reserved 1048576K
}
Event: 13.368 GC heap before
{Heap before GC invocations=14 (full 0):
 garbage-first heap   total 53248K, used 41256K [0x0000000081200000, 0x0000000100000000)
  region size 1024K, 19 young (19456K), 2 survivors (2048K)
 Metaspace       used 51568K, committed 52032K, reserved 1097728K
  class space    used 6894K, committed 7104K, reserved 1048576K
}
Event: 13.372 GC heap after
{Heap after GC invocations=15 (full 0):
 garbage-first heap   total 53248K, used 25586K [0x0000000081200000, 0x0000000100000000)
  region size 1024K, 2 young (2048K), 2 survivors (2048K)
 Metaspace       used 51568K, committed 52032K, reserved 1097728K
  class space    used 6894K, committed 7104K, reserved 1048576K
}
Event: 13.951 GC heap before
{Heap before GC invocations=15 (full 0):
 garbage-first heap   total 53248K, used 41970K [0x0000000081200000, 0x0000000100000000)
  region size 1024K, 18 young (18432K), 2 survivors (2048K)
 Metaspace       used 54633K, committed 55168K, reserved 1097728K
  class space    used 7358K, committed 7616K, reserved 1048576K
}
Event: 13.956 GC heap after
{Heap after GC invocations=16 (full 0):
 garbage-first heap   total 53248K, used 26195K [0x0000000081200000, 0x0000000100000000)
  region size 1024K, 3 young (3072K), 3 survivors (3072K)
 Metaspace       used 54633K, committed 55168K, reserved 1097728K
  class space    used 7358K, committed 7616K, reserved 1048576K
}
Event: 14.673 GC heap before
{Heap before GC invocations=17 (full 0):
 garbage-first heap   total 53248K, used 42579K [0x0000000081200000, 0x0000000100000000)
  region size 1024K, 19 young (19456K), 3 survivors (3072K)
 Metaspace       used 56732K, committed 57216K, reserved 1105920K
  class space    used 7669K, committed 7872K, reserved 1048576K
}
Event: 14.680 GC heap after
{Heap after GC invocations=18 (full 0):
 garbage-first heap   total 53248K, used 27418K [0x0000000081200000, 0x0000000100000000)
  region size 1024K, 3 young (3072K), 3 survivors (3072K)
 Metaspace       used 56732K, committed 57216K, reserved 1105920K
  class space    used 7669K, committed 7872K, reserved 1048576K
}

