# JRE version: Java(TM) SE Runtime Environment (17.0.3+8) (build 17.0.3+8-LTS-111)
# Java VM: Java HotSpot(TM) 64-Bit Server VM (17.0.3+8-LTS-111, mixed mode, sharing, tiered, compressed oops, compressed class ptrs, g1 gc, windows-amd64)
GC Precious Log:
 CPUs: 4 total, 4 available
 Memory: 8113M
 Large Page Support: Disabled
 NUMA Support: Disabled
 Compressed Oops: Enabled (32-bit)
 Heap Region Size: 1M
 Heap Min Capacity: 256M
 Heap Initial Capacity: 256M
 Heap Max Capacity: 512M
 Pre-touch: Disabled
 Parallel Workers: 4
 Concurrent Workers: 1
 Concurrent Refinement Workers: 4
 Periodic GC: Disabled
Heap:
 garbage-first heap   total 262144K, used 173568K [0x00000000e0000000, 0x0000000100000000)
  region size 1024K, 124 young (126976K), 16 survivors (16384K)
 Metaspace       used 65709K, committed 66304K, reserved 380928K
  class space    used 8942K, committed 9216K, reserved 315392K
GC Heap History (18 events):
Event: 0.732 GC heap before
{Heap before GC invocations=0 (full 0):
 garbage-first heap   total 262144K, used 13312K [0x00000000e0000000, 0x0000000100000000)
  region size 1024K, 13 young (13312K), 0 survivors (0K)
 Metaspace       used 1039K, committed 1152K, reserved 323584K
  class space    used 82K, committed 128K, reserved 315392K
}
Event: 0.736 GC heap after
{Heap after GC invocations=1 (full 0):
 garbage-first heap   total 262144K, used 3586K [0x00000000e0000000, 0x0000000100000000)
  region size 1024K, 2 young (2048K), 2 survivors (2048K)
 Metaspace       used 1039K, committed 1152K, reserved 323584K
  class space    used 82K, committed 128K, reserved 315392K
}
Event: 2.352 GC heap before
{Heap before GC invocations=1 (full 0):
 garbage-first heap   total 262144K, used 23042K [0x00000000e0000000, 0x0000000100000000)
  region size 1024K, 18 young (18432K), 2 survivors (2048K)
 Metaspace       used 3942K, committed 4096K, reserved 323584K
  class space    used 488K, committed 576K, reserved 315392K
}
Event: 2.356 GC heap after
{Heap after GC invocations=2 (full 0):
 garbage-first heap   total 262144K, used 10551K [0x00000000e0000000, 0x0000000100000000)
  region size 1024K, 3 young (3072K), 3 survivors (3072K)
 Metaspace       used 3942K, committed 4096K, reserved 323584K
  class space    used 488K, committed 576K, reserved 315392K
}
Event: 2.953 GC heap before
{Heap before GC invocations=2 (full 0):
 garbage-first heap   total 262144K, used 34103K [0x00000000e0000000, 0x0000000100000000)
  region size 1024K, 26 young (26624K), 3 survivors (3072K)
 Metaspace       used 4068K, committed 4224K, reserved 323584K
  class space    used 489K, committed 576K, reserved 315392K
}
Event: 2.958 GC heap after
{Heap after GC invocations=3 (full 0):
 garbage-first heap   total 262144K, used 13430K [0x00000000e0000000, 0x0000000100000000)
  region size 1024K, 3 young (3072K), 3 survivors (3072K)
 Metaspace       used 4068K, committed 4224K, reserved 323584K
  class space    used 489K, committed 576K, reserved 315392K
}
Event: 8.109 GC heap before
{Heap before GC invocations=3 (full 0):
 garbage-first heap   total 262144K, used 126070K [0x00000000e0000000, 0x0000000100000000)
  region size 1024K, 114 young (116736K), 3 survivors (3072K)
 Metaspace       used 21254K, committed 21504K, reserved 339968K
  class space    used 3139K, committed 3264K, reserved 315392K
}
Event: 8.127 GC heap after
{Heap after GC invocations=4 (full 0):
 garbage-first heap   total 262144K, used 22094K [0x00000000e0000000, 0x0000000100000000)
  region size 1024K, 12 young (12288K), 12 survivors (12288K)
 Metaspace       used 21254K, committed 21504K, reserved 339968K
  class space    used 3139K, committed 3264K, reserved 315392K
}
Event: 12.068 GC heap before
{Heap before GC invocations=5 (full 0):
 garbage-first heap   total 262144K, used 136782K [0x00000000e0000000, 0x0000000100000000)
  region size 1024K, 121 young (123904K), 12 survivors (12288K)
 Metaspace       used 35588K, committed 35968K, reserved 348160K
  class space    used 4920K, committed 5120K, reserved 315392K
}
Event: 12.100 GC heap after
{Heap after GC invocations=6 (full 0):
 garbage-first heap   total 262144K, used 31311K [0x00000000e0000000, 0x0000000100000000)
  region size 1024K, 10 young (10240K), 10 survivors (10240K)
 Metaspace       used 35588K, committed 35968K, reserved 348160K
  class space    used 4920K, committed 5120K, reserved 315392K
}
Event: 15.481 GC heap before
{Heap before GC invocations=7 (full 0):
 garbage-first heap   total 262144K, used 149071K [0x00000000e0000000, 0x0000000100000000)
  region size 1024K, 124 young (126976K), 10 survivors (10240K)
 Metaspace       used 46305K, committed 46784K, reserved 364544K
  class space    used 6478K, committed 6720K, reserved 315392K
}
Event: 15.512 GC heap after
{Heap after GC invocations=8 (full 0):
 garbage-first heap   total 262144K, used 39857K [0x00000000e0000000, 0x0000000100000000)
  region size 1024K, 10 young (10240K), 10 survivors (10240K)
 Metaspace       used 46305K, committed 46784K, reserved 364544K
  class space    used 6478K, committed 6720K, reserved 315392K
}
Event: 22.805 GC heap before
{Heap before GC invocations=8 (full 0):
 garbage-first heap   total 262144K, used 185265K [0x00000000e0000000, 0x0000000100000000)
  region size 1024K, 153 young (156672K), 10 survivors (10240K)
 Metaspace       used 52468K, committed 52992K, reserved 364544K
  class space    used 7327K, committed 7552K, reserved 315392K
}
Event: 22.855 GC heap after
{Heap after GC invocations=9 (full 0):
 garbage-first heap   total 262144K, used 49516K [0x00000000e0000000, 0x0000000100000000)
  region size 1024K, 19 young (19456K), 19 survivors (19456K)
 Metaspace       used 52468K, committed 52992K, reserved 364544K
  class space    used 7327K, committed 7552K, reserved 315392K
}
Event: 25.259 GC heap before
{Heap before GC invocations=9 (full 0):
 garbage-first heap   total 262144K, used 185708K [0x00000000e0000000, 0x0000000100000000)
  region size 1024K, 153 young (156672K), 19 survivors (19456K)
 Metaspace       used 54020K, committed 54528K, reserved 364544K
  class space    used 7504K, committed 7744K, reserved 315392K
}
Event: 25.327 GC heap after
{Heap after GC invocations=10 (full 0):
 garbage-first heap   total 262144K, used 57115K [0x00000000e0000000, 0x0000000100000000)
  region size 1024K, 18 young (18432K), 18 survivors (18432K)
 Metaspace       used 54020K, committed 54528K, reserved 364544K
  class space    used 7504K, committed 7744K, reserved 315392K
}
Event: 26.849 GC heap before
{Heap before GC invocations=10 (full 0):
 garbage-first heap   total 262144K, used 105243K [0x00000000e0000000, 0x0000000100000000)
  region size 1024K, 66 young (67584K), 18 survivors (18432K)
 Metaspace       used 59494K, committed 60096K, reserved 372736K
  class space    used 8210K, committed 8512K, reserved 315392K
}
Event: 26.903 GC heap after
{Heap after GC invocations=11 (full 0):
 garbage-first heap   total 262144K, used 64000K [0x00000000e0000000, 0x0000000100000000)
  region size 1024K, 16 young (16384K), 16 survivors (16384K)
 Metaspace       used 59494K, committed 60096K, reserved 372736K
  class space    used 8210K, committed 8512K, reserved 315392K
}

