# JRE version: Java(TM) SE Runtime Environment (17.0.3+8) (build 17.0.3+8-LTS-111)
# Java VM: Java HotSpot(TM) 64-Bit Server VM (17.0.3+8-LTS-111, mixed mode, sharing, tiered, compressed oops, compressed class ptrs, g1 gc, windows-amd64)
GC Precious Log:
 CPUs: 4 total, 4 available
 Memory: 8113M
 Large Page Support: Disabled
 NUMA Support: Disabled
 Compressed Oops: Enabled (32-bit)
 Heap Region Size: 1M
 Heap Min Capacity: 8M
 Heap Initial Capacity: 128M
 Heap Max Capacity: 2030M
 Pre-touch: Disabled
 Parallel Workers: 4
 Concurrent Workers: 1
 Concurrent Refinement Workers: 4
 Periodic GC: Disabled
Heap:
 garbage-first heap   total 65536K, used 45909K [0x0000000081200000, 0x0000000100000000)
  region size 1024K, 23 young (23552K), 4 survivors (4096K)
 Metaspace       used 58157K, committed 58688K, reserved 1105920K
  class space    used 7812K, committed 8064K, reserved 1048576K
GC Heap History (20 events):
Event: 8.676 GC heap before
{Heap before GC invocations=5 (full 0):
 garbage-first heap   total 51200K, used 41441K [0x0000000081200000, 0x0000000100000000)
  region size 1024K, 35 young (35840K), 7 survivors (7168K)
 Metaspace       used 27460K, committed 27776K, reserved 1073152K
  class space    used 3434K, committed 3584K, reserved 1048576K
}
Event: 8.697 GC heap after
{Heap after GC invocations=6 (full 0):
 garbage-first heap   total 54272K, used 17118K [0x0000000081200000, 0x0000000100000000)
  region size 1024K, 9 young (9216K), 9 survivors (9216K)
 Metaspace       used 27460K, committed 27776K, reserved 1073152K
  class space    used 3434K, committed 3584K, reserved 1048576K
}
Event: 9.175 GC heap before
{Heap before GC invocations=6 (full 0):
 garbage-first heap   total 54272K, used 35550K [0x0000000081200000, 0x0000000100000000)
  region size 1024K, 28 young (28672K), 9 survivors (9216K)
 Metaspace       used 28584K, committed 28928K, reserved 1081344K
  class space    used 3545K, committed 3712K, reserved 1048576K
}
Event: 9.201 GC heap after
{Heap after GC invocations=7 (full 0):
 garbage-first heap   total 54272K, used 20178K [0x0000000081200000, 0x0000000100000000)
  region size 1024K, 4 young (4096K), 4 survivors (4096K)
 Metaspace       used 28584K, committed 28928K, reserved 1081344K
  class space    used 3545K, committed 3712K, reserved 1048576K
}
Event: 10.133 GC heap before
{Heap before GC invocations=7 (full 0):
 garbage-first heap   total 54272K, used 37586K [0x0000000081200000, 0x0000000100000000)
  region size 1024K, 21 young (21504K), 4 survivors (4096K)
 Metaspace       used 30915K, committed 31360K, reserved 1081344K
  class space    used 3880K, committed 4096K, reserved 1048576K
}
Event: 10.142 GC heap after
{Heap after GC invocations=8 (full 0):
 garbage-first heap   total 54272K, used 21421K [0x0000000081200000, 0x0000000100000000)
  region size 1024K, 2 young (2048K), 2 survivors (2048K)
 Metaspace       used 30915K, committed 31360K, reserved 1081344K
  class space    used 3880K, committed 4096K, reserved 1048576K
}
Event: 11.991 GC heap before
{Heap before GC invocations=8 (full 0):
 garbage-first heap   total 54272K, used 37805K [0x0000000081200000, 0x0000000100000000)
  region size 1024K, 19 young (19456K), 2 survivors (2048K)
 Metaspace       used 35437K, committed 35904K, reserved 1081344K
  class space    used 4412K, committed 4608K, reserved 1048576K
}
Event: 11.999 GC heap after
{Heap after GC invocations=9 (full 0):
 garbage-first heap   total 54272K, used 22250K [0x0000000081200000, 0x0000000100000000)
  region size 1024K, 2 young (2048K), 2 survivors (2048K)
 Metaspace       used 35437K, committed 35904K, reserved 1081344K
  class space    used 4412K, committed 4608K, reserved 1048576K
}
Event: 12.051 GC heap before
{Heap before GC invocations=9 (full 0):
 garbage-first heap   total 54272K, used 22250K [0x0000000081200000, 0x0000000100000000)
  region size 1024K, 3 young (3072K), 2 survivors (2048K)
 Metaspace       used 35574K, committed 35968K, reserved 1081344K
  class space    used 4425K, committed 4608K, reserved 1048576K
}
Event: 12.055 GC heap after
{Heap after GC invocations=10 (full 0):
 garbage-first heap   total 54272K, used 22439K [0x0000000081200000, 0x0000000100000000)
  region size 1024K, 2 young (2048K), 2 survivors (2048K)
 Metaspace       used 35574K, committed 35968K, reserved 1081344K
  class space    used 4425K, committed 4608K, reserved 1048576K
}
Event: 13.318 GC heap before
{Heap before GC invocations=11 (full 0):
 garbage-first heap   total 54272K, used 39847K [0x0000000081200000, 0x0000000100000000)
  region size 1024K, 19 young (19456K), 2 survivors (2048K)
 Metaspace       used 39095K, committed 39488K, reserved 1089536K
  class space    used 4993K, committed 5184K, reserved 1048576K
}
Event: 13.326 GC heap after
{Heap after GC invocations=12 (full 0):
 garbage-first heap   total 54272K, used 23167K [0x0000000081200000, 0x0000000100000000)
  region size 1024K, 3 young (3072K), 3 survivors (3072K)
 Metaspace       used 39095K, committed 39488K, reserved 1089536K
  class space    used 4993K, committed 5184K, reserved 1048576K
}
Event: 14.377 GC heap before
{Heap before GC invocations=12 (full 0):
 garbage-first heap   total 54272K, used 39551K [0x0000000081200000, 0x0000000100000000)
  region size 1024K, 20 young (20480K), 3 survivors (3072K)
 Metaspace       used 43176K, committed 43584K, reserved 1089536K
  class space    used 5593K, committed 5824K, reserved 1048576K
}
Event: 14.386 GC heap after
{Heap after GC invocations=13 (full 0):
 garbage-first heap   total 54272K, used 24234K [0x0000000081200000, 0x0000000100000000)
  region size 1024K, 2 young (2048K), 2 survivors (2048K)
 Metaspace       used 43176K, committed 43584K, reserved 1089536K
  class space    used 5593K, committed 5824K, reserved 1048576K
}
Event: 15.562 GC heap before
{Heap before GC invocations=13 (full 0):
 garbage-first heap   total 54272K, used 42666K [0x0000000081200000, 0x0000000100000000)
  region size 1024K, 20 young (20480K), 2 survivors (2048K)
 Metaspace       used 48833K, committed 49280K, reserved 1097728K
  class space    used 6398K, committed 6592K, reserved 1048576K
}
Event: 15.569 GC heap after
{Heap after GC invocations=14 (full 0):
 garbage-first heap   total 54272K, used 25161K [0x0000000081200000, 0x0000000100000000)
  region size 1024K, 2 young (2048K), 2 survivors (2048K)
 Metaspace       used 48833K, committed 49280K, reserved 1097728K
  class space    used 6398K, committed 6592K, reserved 1048576K
}
Event: 16.555 GC heap before
{Heap before GC invocations=14 (full 0):
 garbage-first heap   total 54272K, used 42569K [0x0000000081200000, 0x0000000100000000)
  region size 1024K, 19 young (19456K), 2 survivors (2048K)
 Metaspace       used 51638K, committed 52096K, reserved 1097728K
  class space    used 6905K, committed 7104K, reserved 1048576K
}
Event: 16.565 GC heap after
{Heap after GC invocations=15 (full 0):
 garbage-first heap   total 65536K, used 25710K [0x0000000081200000, 0x0000000100000000)
  region size 1024K, 2 young (2048K), 2 survivors (2048K)
 Metaspace       used 51638K, committed 52096K, reserved 1097728K
  class space    used 6905K, committed 7104K, reserved 1048576K
}
Event: 18.024 GC heap before
{Heap before GC invocations=15 (full 0):
 garbage-first heap   total 65536K, used 51310K [0x0000000081200000, 0x0000000100000000)
  region size 1024K, 27 young (27648K), 2 survivors (2048K)
 Metaspace       used 56730K, committed 57216K, reserved 1105920K
  class space    used 7611K, committed 7808K, reserved 1048576K
}
Event: 18.033 GC heap after
{Heap after GC invocations=16 (full 0):
 garbage-first heap   total 65536K, used 27477K [0x0000000081200000, 0x0000000100000000)
  region size 1024K, 4 young (4096K), 4 survivors (4096K)
 Metaspace       used 56730K, committed 57216K, reserved 1105920K
  class space    used 7611K, committed 7808K, reserved 1048576K
}

