# JRE version: Java(TM) SE Runtime Environment (17.0.3+8) (build 17.0.3+8-LTS-111)
# Java VM: Java HotSpot(TM) 64-Bit Server VM (17.0.3+8-LTS-111, mixed mode, sharing, tiered, compressed oops, compressed class ptrs, g1 gc, windows-amd64)
GC Precious Log:
 CPUs: 4 total, 4 available
 Memory: 8113M
 Large Page Support: Disabled
 NUMA Support: Disabled
 Compressed Oops: Enabled (32-bit)
 Heap Region Size: 1M
 Heap Min Capacity: 8M
 Heap Initial Capacity: 128M
 Heap Max Capacity: 2030M
 Pre-touch: Disabled
 Parallel Workers: 4
 Concurrent Workers: 1
 Concurrent Refinement Workers: 4
 Periodic GC: Disabled
Heap:
 garbage-first heap   total 51200K, used 32797K [0x0000000081200000, 0x0000000100000000)
  region size 1024K, 8 young (8192K), 3 survivors (3072K)
 Metaspace       used 57782K, committed 58304K, reserved 1105920K
  class space    used 7811K, committed 8064K, reserved 1048576K
GC Heap History (20 events):
Event: 11.177 GC heap before
{Heap before GC invocations=5 (full 0):
 garbage-first heap   total 51200K, used 37287K [0x0000000081200000, 0x0000000100000000)
  region size 1024K, 30 young (30720K), 7 survivors (7168K)
 Metaspace       used 25779K, committed 26112K, reserved 1073152K
  class space    used 3254K, committed 3392K, reserved 1048576K
}
Event: 11.192 GC heap after
{Heap after GC invocations=6 (full 0):
 garbage-first heap   total 51200K, used 16503K [0x0000000081200000, 0x0000000100000000)
  region size 1024K, 3 young (3072K), 3 survivors (3072K)
 Metaspace       used 25779K, committed 26112K, reserved 1073152K
  class space    used 3254K, committed 3392K, reserved 1048576K
}
Event: 11.908 GC heap before
{Heap before GC invocations=6 (full 0):
 garbage-first heap   total 51200K, used 33911K [0x0000000081200000, 0x0000000100000000)
  region size 1024K, 21 young (21504K), 3 survivors (3072K)
 Metaspace       used 27772K, committed 28096K, reserved 1073152K
  class space    used 3460K, committed 3584K, reserved 1048576K
}
Event: 11.917 GC heap after
{Heap after GC invocations=7 (full 0):
 garbage-first heap   total 51200K, used 19706K [0x0000000081200000, 0x0000000100000000)
  region size 1024K, 3 young (3072K), 3 survivors (3072K)
 Metaspace       used 27772K, committed 28096K, reserved 1073152K
  class space    used 3460K, committed 3584K, reserved 1048576K
}
Event: 13.427 GC heap before
{Heap before GC invocations=7 (full 0):
 garbage-first heap   total 51200K, used 35066K [0x0000000081200000, 0x0000000100000000)
  region size 1024K, 19 young (19456K), 3 survivors (3072K)
 Metaspace       used 29611K, committed 30080K, reserved 1081344K
  class space    used 3681K, committed 3904K, reserved 1048576K
}
Event: 13.434 GC heap after
{Heap after GC invocations=8 (full 0):
 garbage-first heap   total 51200K, used 21223K [0x0000000081200000, 0x0000000100000000)
  region size 1024K, 2 young (2048K), 2 survivors (2048K)
 Metaspace       used 29611K, committed 30080K, reserved 1081344K
  class space    used 3681K, committed 3904K, reserved 1048576K
}
Event: 14.733 GC heap before
{Heap before GC invocations=8 (full 0):
 garbage-first heap   total 51200K, used 36583K [0x0000000081200000, 0x0000000100000000)
  region size 1024K, 17 young (17408K), 2 survivors (2048K)
 Metaspace       used 33627K, committed 34112K, reserved 1081344K
  class space    used 4174K, committed 4416K, reserved 1048576K
}
Event: 14.738 GC heap after
{Heap after GC invocations=9 (full 0):
 garbage-first heap   total 51200K, used 21869K [0x0000000081200000, 0x0000000100000000)
  region size 1024K, 2 young (2048K), 2 survivors (2048K)
 Metaspace       used 33627K, committed 34112K, reserved 1081344K
  class space    used 4174K, committed 4416K, reserved 1048576K
}
Event: 15.529 GC heap before
{Heap before GC invocations=9 (full 0):
 garbage-first heap   total 51200K, used 32109K [0x0000000081200000, 0x0000000100000000)
  region size 1024K, 13 young (13312K), 2 survivors (2048K)
 Metaspace       used 35540K, committed 35968K, reserved 1081344K
  class space    used 4416K, committed 4608K, reserved 1048576K
}
Event: 15.535 GC heap after
{Heap after GC invocations=10 (full 0):
 garbage-first heap   total 51200K, used 22614K [0x0000000081200000, 0x0000000100000000)
  region size 1024K, 2 young (2048K), 2 survivors (2048K)
 Metaspace       used 35540K, committed 35968K, reserved 1081344K
  class space    used 4416K, committed 4608K, reserved 1048576K
}
Event: 16.418 GC heap before
{Heap before GC invocations=11 (full 0):
 garbage-first heap   total 51200K, used 38998K [0x0000000081200000, 0x0000000100000000)
  region size 1024K, 18 young (18432K), 2 survivors (2048K)
 Metaspace       used 38967K, committed 39424K, reserved 1089536K
  class space    used 4957K, committed 5184K, reserved 1048576K
}
Event: 16.425 GC heap after
{Heap after GC invocations=12 (full 0):
 garbage-first heap   total 51200K, used 23597K [0x0000000081200000, 0x0000000100000000)
  region size 1024K, 2 young (2048K), 2 survivors (2048K)
 Metaspace       used 38967K, committed 39424K, reserved 1089536K
  class space    used 4957K, committed 5184K, reserved 1048576K
}
Event: 17.257 GC heap before
{Heap before GC invocations=12 (full 0):
 garbage-first heap   total 51200K, used 38957K [0x0000000081200000, 0x0000000100000000)
  region size 1024K, 18 young (18432K), 2 survivors (2048K)
 Metaspace       used 42855K, committed 43328K, reserved 1089536K
  class space    used 5548K, committed 5760K, reserved 1048576K
}
Event: 17.263 GC heap after
{Heap after GC invocations=13 (full 0):
 garbage-first heap   total 51200K, used 24462K [0x0000000081200000, 0x0000000100000000)
  region size 1024K, 2 young (2048K), 2 survivors (2048K)
 Metaspace       used 42855K, committed 43328K, reserved 1089536K
  class space    used 5548K, committed 5760K, reserved 1048576K
}
Event: 18.130 GC heap before
{Heap before GC invocations=13 (full 0):
 garbage-first heap   total 51200K, used 38798K [0x0000000081200000, 0x0000000100000000)
  region size 1024K, 17 young (17408K), 2 survivors (2048K)
 Metaspace       used 46588K, committed 47040K, reserved 1097728K
  class space    used 6014K, committed 6208K, reserved 1048576K
}
Event: 18.139 GC heap after
{Heap after GC invocations=14 (full 0):
 garbage-first heap   total 51200K, used 25308K [0x0000000081200000, 0x0000000100000000)
  region size 1024K, 2 young (2048K), 2 survivors (2048K)
 Metaspace       used 46588K, committed 47040K, reserved 1097728K
  class space    used 6014K, committed 6208K, reserved 1048576K
}
Event: 18.907 GC heap before
{Heap before GC invocations=15 (full 0):
 garbage-first heap   total 51200K, used 40668K [0x0000000081200000, 0x0000000100000000)
  region size 1024K, 17 young (17408K), 2 survivors (2048K)
 Metaspace       used 50719K, committed 51136K, reserved 1097728K
  class space    used 6805K, committed 6976K, reserved 1048576K
}
Event: 18.911 GC heap after
{Heap after GC invocations=16 (full 0):
 garbage-first heap   total 51200K, used 25864K [0x0000000081200000, 0x0000000100000000)
  region size 1024K, 2 young (2048K), 2 survivors (2048K)
 Metaspace       used 50719K, committed 51136K, reserved 1097728K
  class space    used 6805K, committed 6976K, reserved 1048576K
}
Event: 19.452 GC heap before
{Heap before GC invocations=16 (full 0):
 garbage-first heap   total 51200K, used 41224K [0x0000000081200000, 0x0000000100000000)
  region size 1024K, 17 young (17408K), 2 survivors (2048K)
 Metaspace       used 53275K, committed 53760K, reserved 1097728K
  class space    used 7157K, committed 7360K, reserved 1048576K
}
Event: 19.456 GC heap after
{Heap after GC invocations=17 (full 0):
 garbage-first heap   total 51200K, used 26295K [0x0000000081200000, 0x0000000100000000)
  region size 1024K, 2 young (2048K), 2 survivors (2048K)
 Metaspace       used 53275K, committed 53760K, reserved 1097728K
  class space    used 7157K, committed 7360K, reserved 1048576K
}

